<?xml version="1.0" encoding="UTF-8"?>
<Site BuildName="Linux-c++"
	BuildStamp="20240209-2005-Experimental"
	Name="kg7783-IdeaPad"
	Generator="ctest-3.22.1"
	CompilerName="/usr/bin/c++"
	CompilerVersion="13.1.0"
	OSName="Linux"
	Hostname="kg7783-IdeaPad"
	OSRelease="5.15.0-91-generic"
	OSVersion="#101-Ubuntu SMP Tue Nov 14 13:30:08 UTC 2023"
	OSPlatform="x86_64"
	Is64Bits="1"
	VendorString="AuthenticAMD"
	VendorID="Advanced Micro Devices"
	FamilyID="25"
	ModelID="80"
	ProcessorCacheSize="512"
	NumberOfLogicalCPU="16"
	NumberOfPhysicalCPU="8"
	TotalVirtualMemory="2047"
	TotalPhysicalMemory="13821"
	LogicalProcessorsPerPhysical="2"
	ProcessorClockFrequency="1200"
	>
	<Testing>
		<StartDateTime>Feb 09 21:08 CET</StartDateTime>
		<StartTestTime>1707509304</StartTestTime>
		<TestList/>
		<EndDateTime>Feb 09 21:08 CET</EndDateTime>
		<EndTestTime>1707509304</EndTestTime>
		<ElapsedMinutes>0</ElapsedMinutes>
	</Testing>
</Site>
